<?xml version="1.0" encoding="UTF-8"?>
<!-- Generated by org.testng.reporters.JUnitXMLReporter -->
<testsuite ignored="0" hostname="Slimshady" failures="0" tests="10" name="Surefire test" time="15.702" errors="0" timestamp="2024-12-23T16:06:07 IST">
  <testcase classname="api.test.DDTests" name="testPostuser" time="3.625"/>
  <testcase classname="api.test.DDTests" name="testPostuser" time="1.004"/>
  <testcase classname="api.test.DDTests" name="testPostuser" time="1.011"/>
  <testcase classname="api.test.DDTests" name="testDeleteUserByName" time="1.057"/>
  <testcase classname="api.test.DDTests" name="testDeleteUserByName" time="1.082"/>
  <testcase classname="api.test.DDTests" name="testDeleteUserByName" time="1.016"/>
  <testcase classname="api.test.UserTests" name="testPostUser" time="1.052"/>
  <testcase classname="api.test.UserTests" name="testGetUserByName" time="1.015"/>
  <testcase classname="api.test.UserTests" name="testUpdateUserByName" time="2.106"/>
  <testcase classname="api.test.UserTests" name="testDeleteUserByName" time="1.023"/>
</testsuite> <!-- Surefire test -->
