<?xml version="1.0" encoding="UTF-8"?>
<!-- Generated by org.testng.reporters.JUnitXMLReporter -->
<testsuite ignored="0" hostname="Slimshady" failures="0" tests="6" name="Default test" time="9.9" errors="0" timestamp="2024-12-19T18:06:48 IST">
  <testcase classname="api.test.DDTests" name="testPostuser" time="3.064"/>
  <testcase classname="api.test.DDTests" name="testPostuser" time="1.032"/>
  <testcase classname="api.test.DDTests" name="testPostuser" time="1.024"/>
  <testcase classname="api.test.DDTests" name="testDeleteUserByName" time="1.107"/>
  <testcase classname="api.test.DDTests" name="testDeleteUserByName" time="1.029"/>
  <testcase classname="api.test.DDTests" name="testDeleteUserByName" time="1.04"/>
</testsuite> <!-- Default test -->
