<?xml version="1.0" encoding="UTF-8"?>
<testng-results ignored="0" total="4" passed="4" failed="0" skipped="0">
  <reporter-output>
  </reporter-output>
  <suite started-at="2024-12-23T16:25:31 IST" name="PetSuite" finished-at="2024-12-23T16:25:50 IST" duration-ms="18425">
    <groups>
    </groups>
    <test started-at="2024-12-23T16:25:31 IST" name="PetTest" finished-at="2024-12-23T16:25:50 IST" duration-ms="18425">
      <class name="api.test.UserTests2">
        <test-method is-config="true" signature="stupeData()[pri:0, instance:api.test.UserTests2@12468a38]" started-at="2024-12-23T16:25:32 IST" name="stupeData" finished-at="2024-12-23T16:25:32 IST" duration-ms="270" status="PASS">
          <reporter-output>
          </reporter-output>
        </test-method> <!-- stupeData -->
        <test-method signature="testPostUser()[pri:1, instance:api.test.UserTests2@12468a38]" started-at="2024-12-23T16:25:32 IST" name="testPostUser" finished-at="2024-12-23T16:25:46 IST" duration-ms="13887" status="PASS">
          <reporter-output>
          </reporter-output>
        </test-method> <!-- testPostUser -->
        <test-method signature="testGetUserByName()[pri:2, instance:api.test.UserTests2@12468a38]" started-at="2024-12-23T16:25:46 IST" name="testGetUserByName" finished-at="2024-12-23T16:25:47 IST" duration-ms="1048" status="PASS">
          <reporter-output>
          </reporter-output>
        </test-method> <!-- testGetUserByName -->
        <test-method signature="testUpdateUserByName()[pri:3, instance:api.test.UserTests2@12468a38]" started-at="2024-12-23T16:25:47 IST" name="testUpdateUserByName" finished-at="2024-12-23T16:25:49 IST" duration-ms="1995" status="PASS">
          <reporter-output>
          </reporter-output>
        </test-method> <!-- testUpdateUserByName -->
        <test-method signature="testDeleteUserByName()[pri:4, instance:api.test.UserTests2@12468a38]" started-at="2024-12-23T16:25:49 IST" name="testDeleteUserByName" finished-at="2024-12-23T16:25:50 IST" duration-ms="990" status="PASS">
          <reporter-output>
          </reporter-output>
        </test-method> <!-- testDeleteUserByName -->
      </class> <!-- api.test.UserTests2 -->
    </test> <!-- PetTest -->
  </suite> <!-- PetSuite -->
</testng-results>
