<?xml version="1.0" encoding="UTF-8"?>
<testng-results ignored="0" total="4" passed="4" failed="0" skipped="0">
  <reporter-output>
  </reporter-output>
  <suite started-at="2024-12-23T15:50:04 IST" name="PetSuite" finished-at="2024-12-23T15:50:13 IST" duration-ms="8842">
    <groups>
    </groups>
    <test started-at="2024-12-23T15:50:04 IST" name="PetTest" finished-at="2024-12-23T15:50:13 IST" duration-ms="8842">
      <class name="api.test.UserTests2">
        <test-method is-config="true" signature="stupeData()[pri:0, instance:api.test.UserTests2@38425407]" started-at="2024-12-23T15:50:05 IST" name="stupeData" finished-at="2024-12-23T15:50:05 IST" duration-ms="302" status="PASS">
          <reporter-output>
          </reporter-output>
        </test-method> <!-- stupeData -->
        <test-method signature="testPostUser()[pri:1, instance:api.test.UserTests2@38425407]" started-at="2024-12-23T15:50:05 IST" name="testPostUser" finished-at="2024-12-23T15:50:09 IST" duration-ms="4103" status="PASS">
          <reporter-output>
          </reporter-output>
        </test-method> <!-- testPostUser -->
        <test-method signature="testGetUserByName()[pri:2, instance:api.test.UserTests2@38425407]" started-at="2024-12-23T15:50:09 IST" name="testGetUserByName" finished-at="2024-12-23T15:50:10 IST" duration-ms="1049" status="PASS">
          <reporter-output>
          </reporter-output>
        </test-method> <!-- testGetUserByName -->
        <test-method signature="testUpdateUserByName()[pri:3, instance:api.test.UserTests2@38425407]" started-at="2024-12-23T15:50:10 IST" name="testUpdateUserByName" finished-at="2024-12-23T15:50:12 IST" duration-ms="2015" status="PASS">
          <reporter-output>
          </reporter-output>
        </test-method> <!-- testUpdateUserByName -->
        <test-method signature="testDeleteUserByName()[pri:4, instance:api.test.UserTests2@38425407]" started-at="2024-12-23T15:50:12 IST" name="testDeleteUserByName" finished-at="2024-12-23T15:50:13 IST" duration-ms="1012" status="PASS">
          <reporter-output>
          </reporter-output>
        </test-method> <!-- testDeleteUserByName -->
      </class> <!-- api.test.UserTests2 -->
    </test> <!-- PetTest -->
  </suite> <!-- PetSuite -->
</testng-results>
