<?xml version="1.0" encoding="UTF-8"?>
<!-- Generated by org.testng.reporters.JUnitXMLReporter -->
<testsuite ignored="0" hostname="Slimshady" failures="0" tests="4" name="PetTest" time="18.425" errors="0" timestamp="2024-12-23T16:25:50 IST">
  <testcase classname="api.test.UserTests2" name="testPostUser" time="13.887"/>
  <testcase classname="api.test.UserTests2" name="testGetUserByName" time="1.048"/>
  <testcase classname="api.test.UserTests2" name="testUpdateUserByName" time="1.995"/>
  <testcase classname="api.test.UserTests2" name="testDeleteUserByName" time="0.99"/>
</testsuite> <!-- PetTest -->
