<?xml version="1.0" encoding="UTF-8"?>
<!-- Generated by org.testng.reporters.JUnitXMLReporter -->
<testsuite ignored="0" hostname="Slimshady" failures="0" tests="4" name="PetTest" time="8.842" errors="0" timestamp="2024-12-23T15:50:13 IST">
  <testcase classname="api.test.UserTests2" name="testPostUser" time="4.103"/>
  <testcase classname="api.test.UserTests2" name="testGetUserByName" time="1.049"/>
  <testcase classname="api.test.UserTests2" name="testUpdateUserByName" time="2.015"/>
  <testcase classname="api.test.UserTests2" name="testDeleteUserByName" time="1.012"/>
</testsuite> <!-- PetTest -->
